0 info it worked if it ends with ok
1 verbose cli [ 'node', '/usr/local/bin/npm', 'install', 'temboo' ]
2 info using npm@1.2.14
3 info using node@v0.8.22
4 verbose read json /Users/jeremysher/Developer/dressforsuccess/package.json
5 verbose read json /Users/jeremysher/Developer/dressforsuccess/node_modules/express/package.json
6 verbose read json /Users/jeremysher/Developer/dressforsuccess/node_modules/tropo-webapi/package.json
7 verbose from cache /Users/jeremysher/Developer/dressforsuccess/package.json
8 verbose readDependencies using package.json deps
9 verbose cache add [ 'temboo', null ]
10 verbose cache add name=undefined spec="temboo" args=["temboo",null]
11 verbose parsed url { pathname: 'temboo', path: 'temboo', href: 'temboo' }
12 silly lockFile ae25764e-temboo temboo
13 verbose lock temboo /Users/jeremysher/.npm/ae25764e-temboo.lock
14 silly lockFile ae25764e-temboo temboo
15 silly lockFile ae25764e-temboo temboo
16 verbose addNamed [ 'temboo', '' ]
17 verbose addNamed [ null, '' ]
18 silly lockFile 76311af9-temboo temboo@
19 verbose lock temboo@ /Users/jeremysher/.npm/76311af9-temboo.lock
20 silly addNameRange { name: 'temboo', range: '', hasData: false }
21 verbose url raw temboo
22 verbose url resolving [ 'https://registry.npmjs.org/', './temboo' ]
23 verbose url resolved https://registry.npmjs.org/temboo
24 info trying registry request attempt 1 at 11:45:12
25 http GET https://registry.npmjs.org/temboo
26 http 404 https://registry.npmjs.org/temboo
27 silly registry.get cb [ 404,
27 silly registry.get   { server: 'CouchDB/1.3.0 (Erlang OTP/R15B03)',
27 silly registry.get     date: 'Sun, 19 May 2013 18:45:12 GMT',
27 silly registry.get     'content-type': 'application/json',
27 silly registry.get     'content-length': '52',
27 silly registry.get     'cache-control': 'must-revalidate' } ]
28 silly lockFile 76311af9-temboo temboo@
29 silly lockFile 76311af9-temboo temboo@
30 error 404 'temboo' is not in the npm registry.
30 error 404 You should bug the author to publish it
30 error 404
30 error 404 Note that you can also install from a
30 error 404 tarball, folder, or http url, or git url.
31 error System Darwin 12.3.0
32 error command "node" "/usr/local/bin/npm" "install" "temboo"
33 error cwd /Users/jeremysher/Developer/dressforsuccess
34 error node -v v0.8.22
35 error npm -v 1.2.14
36 error code E404
37 verbose exit [ 1, true ]
